<?xml version="1.0" encoding="UTF-8" ?>
<testsuite tests="15" failures="0" name="io.jfermat.messages.MessagesUtilsTest" time="0.091" errors="0" skipped="0">
  <properties>
[...]
</properties>
  <testcase classname="io.jfermat.messages.MessagesUtilsTest" name="bundleDefault" time="0.069"/>
  <testcase classname="io.jfermat.messages.MessagesUtilsTest" name="addWarning" time="0"/>
  <testcase classname="io.jfermat.messages.MessagesUtilsTest" name="addLight" time="0"/>
  <testcase classname="io.jfermat.messages.MessagesUtilsTest" name="addMuted" time="0.003"/>
  <testcase classname="io.jfermat.messages.MessagesUtilsTest" name="addWhite" time="0.002"/>
  <testcase classname="io.jfermat.messages.MessagesUtilsTest" name="addDark" time="0"/>
  <testcase classname="io.jfermat.messages.MessagesUtilsTest" name="addInfo" time="0"/>
  <testcase classname="io.jfermat.messages.MessagesUtilsTest" name="addSecondary" time="0"/>
  <testcase classname="io.jfermat.messages.MessagesUtilsTest" name="addCustom" time="0"/>
  <testcase classname="io.jfermat.messages.MessagesUtilsTest" name="addDanger" time="0"/>
  <testcase classname="io.jfermat.messages.MessagesUtilsTest" name="addSuccess" time="0"/>
  <testcase classname="io.jfermat.messages.MessagesUtilsTest" name="bundleDefaultSpanish" time="0.007"/>
  <testcase classname="io.jfermat.messages.MessagesUtilsTest" name="otherBundleDefault" time="0.005"/>
  <testcase classname="io.jfermat.messages.MessagesUtilsTest" name="addPrimary" time="0.001"/>
  <testcase classname="io.jfermat.messages.MessagesUtilsTest" name="otherBundleDefaultSpanish" time="0.004"/>
</testsuite>